<?xml version="1.0" encoding="utf-8"?><testsuites><testsuite name="pytest" errors="0" failures="0" skipped="0" tests="0" time="15.492" timestamp="2021-12-24T15:03:48.357536" hostname="Win10Hank" /></testsuites>