<?xml version="1.0" encoding="utf-8"?><testsuites><testsuite name="pytest" errors="0" failures="0" skipped="0" tests="0" time="17.464" timestamp="2022-01-11T15:45:53.406928" hostname="Win10Hank" /></testsuites>