<?xml version="1.0" encoding="utf-8"?><testsuites><testsuite name="pytest" errors="0" failures="0" skipped="0" tests="0" time="18.710" timestamp="2022-01-11T17:14:57.468189" hostname="Win10Hank" /></testsuites>