<?xml version="1.0" encoding="utf-8"?><testsuites><testsuite name="pytest" errors="0" failures="0" skipped="0" tests="0" time="18.473" timestamp="2021-12-29T18:05:52.078172" hostname="Win10Hank" /></testsuites>