<?xml version="1.0" encoding="utf-8"?><testsuites><testsuite name="pytest" errors="0" failures="0" skipped="0" tests="0" time="7.334" timestamp="2021-12-23T11:51:03.746020" hostname="Win10Hank" /></testsuites>