<?xml version="1.0" encoding="utf-8"?><testsuites><testsuite name="pytest" errors="0" failures="0" skipped="0" tests="0" time="18.546" timestamp="2022-01-03T18:04:51.027721" hostname="Win10Hank" /></testsuites>