<?xml version="1.0" encoding="utf-8"?><testsuites><testsuite name="pytest" errors="0" failures="1" skipped="0" tests="18" time="1685.852" timestamp="2022-06-09T11:18:57.167212" hostname="Win10Hank"><testcase classname="test_Athenac.TestIPAM" name="test_IPBlock" time="29.543" /><testcase classname="test_Athenac.TestIPAM" name="test_MACblock" time="57.331" /><testcase classname="test_Athenac.TestIPAM" name="test_ProtectIP" time="27.356" /><testcase classname="test_Athenac.TestIPAM" name="test_BindingIP" time="21.306" /><testcase classname="test_Athenac.TestIPAM" name="test_UnauthMACBlock" time="48.334" /><testcase classname="test_Athenac.TestIPAM" name="test_UnauthIPBlock" time="28.774" /><testcase classname="test_Athenac.TestIPAM" name="test_UserApply" time="11.078" /><testcase classname="test_Athenac.TestAutoRegist" name="test_HostAgent" time="420.880"><failure message="FAILURE: 005056AEAA69 registeerd status is authened while 005056AEAA69 is no response of agent&#10;assert not True&#10; +  where True = bool(True)&#10;test_Athenac.py:195 in test_HostAgent() -&gt; CheckAuth(authtype=3,auth=False) #檢查 lan2 的狀態是否為未授權且授權型態是否為 0&#10;test_Athenac.py:161 in CheckAuth() -&gt; check.is_false(MACData['IsRegisteded'],f'{lan2MACUpper_} registeerd status is authened while {lan2MACUpper_} is {messagetype}')&#10;FAILURE: 005056AEAA69 registered type is not default while 005056AEAA69 is no response of agent&#10;assert False&#10; +  where False = bool(False)&#10;test_Athenac.py:195 in test_HostAgent() -&gt; CheckAuth(authtype=3,auth=False) #檢查 lan2 的狀態是否為未授權且授權型態是否為 0&#10;test_Athenac.py:163 in CheckAuth() -&gt; check.is_true(MACData['RegisterType'] == 0,f'{lan2MACUpper_} registered type is not default while {lan2MACUpper_} is {messagetype}')&#10;------------------------------------------------------------&#10;Failed Checks: 2">FAILURE: 005056AEAA69 registeerd status is authened while 005056AEAA69 is no response of agent
assert not True
 +  where True = bool(True)
test_Athenac.py:195 in test_HostAgent() -&gt; CheckAuth(authtype=3,auth=False) #檢查 lan2 的狀態是否為未授權且授權型態是否為 0
test_Athenac.py:161 in CheckAuth() -&gt; check.is_false(MACData['IsRegisteded'],f'{lan2MACUpper_} registeerd status is authened while {lan2MACUpper_} is {messagetype}')
FAILURE: 005056AEAA69 registered type is not default while 005056AEAA69 is no response of agent
assert False
 +  where False = bool(False)
test_Athenac.py:195 in test_HostAgent() -&gt; CheckAuth(authtype=3,auth=False) #檢查 lan2 的狀態是否為未授權且授權型態是否為 0
test_Athenac.py:163 in CheckAuth() -&gt; check.is_true(MACData['RegisterType'] == 0,f'{lan2MACUpper_} registered type is not default while {lan2MACUpper_} is {messagetype}')
------------------------------------------------------------
Failed Checks: 2</failure></testcase><testcase classname="test_Athenac.TestPreCheck" name="test_HotfixKBbyVBSandPrecheckWhite" time="78.968" /><testcase classname="test_Athenac.TestPreCheck" name="test_HotfixbyVBS" time="43.128" /><testcase classname="test_Athenac.TestAbnormalDevice" name="test_IPconflict" time="30.397" /><testcase classname="test_Athenac.TestAbnormalDevice" name="test_OutofVLAN" time="10.102" /><testcase classname="test_Athenac.TestAbnormalDevice" name="test_UnknowDHCP" time="10.087" /><testcase classname="test_Athenac.TestAbnormalDevice" name="test_Broadcast" time="122.114" /><testcase classname="test_Athenac.TestAbnormalDevice" name="test_Multcast" time="122.818" /><testcase classname="test_Athenac.TestRadius" name="test_Radius8021X" time="9.982" /><testcase classname="test_Athenac.TestRadius" name="test_RadiusDynamicVLAN" time="1.173" /><testcase classname="test_Athenac.TestRadius" name="test_RadiusCoAbyQuar" time="609.828" /></testsuite></testsuites>