<?xml version="1.0" encoding="utf-8"?><testsuites><testsuite name="pytest" errors="0" failures="0" skipped="0" tests="0" time="19.277" timestamp="2022-01-12T10:54:55.970529" hostname="Win10Hank" /></testsuites>