<?xml version="1.0" encoding="utf-8"?><testsuites><testsuite name="pytest" errors="0" failures="0" skipped="0" tests="0" time="17.457" timestamp="2022-01-10T18:05:09.502347" hostname="Win10Hank" /></testsuites>