<?xml version="1.0" encoding="utf-8"?><testsuites><testsuite name="pytest" errors="0" failures="0" skipped="0" tests="0" time="18.893" timestamp="2022-01-10T13:26:51.006474" hostname="Win10Hank" /></testsuites>